<?xml version="1.0" encoding="UTF-8"?>
<!-- Generated by org.testng.reporters.JUnitReportReporter -->
<testsuite hostname="DESKTOP-CCOTS10" failures="0" tests="1" name="org.OrangeHRM.TestCases.TC_001_ValidateLogin" time="8.359" errors="0" timestamp="2023-05-01T11:13:43 IST" skipped="0">
  <testcase classname="org.OrangeHRM.TestCases.TC_001_ValidateLogin" name="verifyLogin" time="8.359"/>
  <system-out/>
</testsuite> <!-- org.OrangeHRM.TestCases.TC_001_ValidateLogin -->
